

Microchip MPLAB XC8 Assembler V2.45 build 20230818022343 
                                                                                               Tue Dec 26 21:13:59 2023

Microchip MPLAB XC8 C Compiler v2.45 (Free license) build 20230818022343 Og1 
     1                           	processor	12F1840
     2                           	pagewidth 120
     3                           	opt	flic
     4                           	psect	idataBANK0,global,class=CODE,delta=2,noexec
     5                           	psect	cinit,global,class=CODE,merge=1,delta=2
     6                           	psect	bssBANK0,global,class=BANK0,space=1,delta=1,noexec
     7                           	psect	dataBANK0,global,class=BANK0,space=1,delta=1,noexec
     8                           	psect	cstackCOMMON,global,class=COMMON,space=1,delta=1,noexec
     9                           	psect	cstackBANK0,global,class=BANK0,space=1,delta=1,noexec
    10                           	psect	maintext,global,class=CODE,merge=1,split=1,delta=2
    11                           	psect	text1,local,class=CODE,merge=1,delta=2
    12                           	psect	text2,local,class=CODE,merge=1,delta=2
    13                           	psect	text3,local,class=CODE,merge=1,delta=2
    14                           	psect	text4,local,class=CODE,merge=1,delta=2
    15                           	psect	text5,local,class=CODE,merge=1,delta=2
    16                           	psect	text6,local,class=CODE,merge=1,delta=2
    17                           	psect	text7,local,class=CODE,merge=1,delta=2,group=1
    18                           	psect	config,global,abs,ovrld,class=CONFIG,space=4,delta=2,noexec
    19                           	dabs	1,0x7E,2
    20     0000                     
    21                           ; Generated 07/09/2023 GMT
    22                           ; 
    23                           ; Copyright © 2023, Microchip Technology Inc. and its subsidiaries ("Microchip")
    24                           ; All rights reserved.
    25                           ; 
    26                           ; This software is developed by Microchip Technology Inc. and its subsidiaries ("Microch
      +                          ip").
    27                           ; 
    28                           ; Redistribution and use in source and binary forms, with or without modification, are
    29                           ; permitted provided that the following conditions are met:
    30                           ; 
    31                           ;     1. Redistributions of source code must retain the above copyright notice, this lis
      +                          t of
    32                           ;        conditions and the following disclaimer.
    33                           ; 
    34                           ;     2. Redistributions in binary form must reproduce the above copyright notice, this 
      +                          list
    35                           ;        of conditions and the following disclaimer in the documentation and/or other
    36                           ;        materials provided with the distribution. Publication is not required when
    37                           ;        this file is used in an embedded application.
    38                           ; 
    39                           ;     3. Microchip's name may not be used to endorse or promote products derived from th
      +                          is
    40                           ;        software without specific prior written permission.
    41                           ; 
    42                           ; THIS SOFTWARE IS PROVIDED BY MICROCHIP "AS IS" AND ANY EXPRESS OR IMPLIED WARRANTIES,
    43                           ; INCLUDING, BUT NOT LIMITED TO, THE IMPLIED WARRANTIES OF MERCHANTABILITY AND FITNESS F
      +                          OR
    44                           ; PURPOSE ARE DISCLAIMED.  IN NO EVENT SHALL MICROCHIP BE LIABLE FOR ANY DIRECT, INDIREC
      +                          T,
    45                           ; INCIDENTAL, SPECIAL, EXEMPLARY, OR CONSEQUENTIAL DAMAGES (INCLUDING BUT NOT LIMITED TO
    46                           ; PROCUREMENT OF SUBSTITUTE GOODS OR SERVICES; LOSS OF USE, DATA OR PROFITS; OR BUSINESS
    47                           ; INTERRUPTION) HOWSOEVER CAUSED AND ON ANY THEORY OF LIABILITY, WHETHER IN CONTRACT, ST
      +                          RICT
    48                           ; LIABILITY, OR TORT (INCLUDING NEGLIGENCE OR OTHERWISE) ARISING IN ANY WAY OUT OF THE U
      +                          SE OF
    49                           ; THIS SOFTWARE, EVEN IF ADVISED OF THE POSSIBILITY OF SUCH DAMAGE.
    50                           ; 
    51                           ; 
    52                           ; Code-generator required, PIC12F1840 Definitions
    53                           ; 
    54                           ; SFR Addresses
    55     0000                     	;# 
    56     0001                     	;# 
    57     0002                     	;# 
    58     0003                     	;# 
    59     0004                     	;# 
    60     0005                     	;# 
    61     0006                     	;# 
    62     0007                     	;# 
    63     0008                     	;# 
    64     0009                     	;# 
    65     000A                     	;# 
    66     000B                     	;# 
    67     000C                     	;# 
    68     0011                     	;# 
    69     0012                     	;# 
    70     0015                     	;# 
    71     0016                     	;# 
    72     0016                     	;# 
    73     0017                     	;# 
    74     0018                     	;# 
    75     0019                     	;# 
    76     001A                     	;# 
    77     001B                     	;# 
    78     001C                     	;# 
    79     001E                     	;# 
    80     001F                     	;# 
    81     008C                     	;# 
    82     0091                     	;# 
    83     0092                     	;# 
    84     0095                     	;# 
    85     0096                     	;# 
    86     0097                     	;# 
    87     0098                     	;# 
    88     0099                     	;# 
    89     009A                     	;# 
    90     009B                     	;# 
    91     009B                     	;# 
    92     009C                     	;# 
    93     009D                     	;# 
    94     009E                     	;# 
    95     010C                     	;# 
    96     0111                     	;# 
    97     0112                     	;# 
    98     0115                     	;# 
    99     0116                     	;# 
   100     0117                     	;# 
   101     0118                     	;# 
   102     0119                     	;# 
   103     011A                     	;# 
   104     011B                     	;# 
   105     011D                     	;# 
   106     011D                     	;# 
   107     018C                     	;# 
   108     0191                     	;# 
   109     0191                     	;# 
   110     0192                     	;# 
   111     0193                     	;# 
   112     0193                     	;# 
   113     0193                     	;# 
   114     0194                     	;# 
   115     0195                     	;# 
   116     0196                     	;# 
   117     0197                     	;# 
   118     0199                     	;# 
   119     019A                     	;# 
   120     019B                     	;# 
   121     019B                     	;# 
   122     019B                     	;# 
   123     019B                     	;# 
   124     019C                     	;# 
   125     019C                     	;# 
   126     019D                     	;# 
   127     019E                     	;# 
   128     019F                     	;# 
   129     020C                     	;# 
   130     0211                     	;# 
   131     0211                     	;# 
   132     0212                     	;# 
   133     0212                     	;# 
   134     0213                     	;# 
   135     0213                     	;# 
   136     0214                     	;# 
   137     0214                     	;# 
   138     0215                     	;# 
   139     0215                     	;# 
   140     0215                     	;# 
   141     0216                     	;# 
   142     0216                     	;# 
   143     0217                     	;# 
   144     0217                     	;# 
   145     0291                     	;# 
   146     0291                     	;# 
   147     0292                     	;# 
   148     0293                     	;# 
   149     0294                     	;# 
   150     0295                     	;# 
   151     0295                     	;# 
   152     0296                     	;# 
   153     0391                     	;# 
   154     0392                     	;# 
   155     0393                     	;# 
   156     039A                     	;# 
   157     039C                     	;# 
   158     039D                     	;# 
   159     039E                     	;# 
   160     039F                     	;# 
   161     0FE4                     	;# 
   162     0FE5                     	;# 
   163     0FE6                     	;# 
   164     0FE7                     	;# 
   165     0FE8                     	;# 
   166     0FE9                     	;# 
   167     0FEA                     	;# 
   168     0FEB                     	;# 
   169     0FED                     	;# 
   170     0FEE                     	;# 
   171     0FEF                     	;# 
   172     0000                     	;# 
   173     0001                     	;# 
   174     0002                     	;# 
   175     0003                     	;# 
   176     0004                     	;# 
   177     0005                     	;# 
   178     0006                     	;# 
   179     0007                     	;# 
   180     0008                     	;# 
   181     0009                     	;# 
   182     000A                     	;# 
   183     000B                     	;# 
   184     000C                     	;# 
   185     0011                     	;# 
   186     0012                     	;# 
   187     0015                     	;# 
   188     0016                     	;# 
   189     0016                     	;# 
   190     0017                     	;# 
   191     0018                     	;# 
   192     0019                     	;# 
   193     001A                     	;# 
   194     001B                     	;# 
   195     001C                     	;# 
   196     001E                     	;# 
   197     001F                     	;# 
   198     008C                     	;# 
   199     0091                     	;# 
   200     0092                     	;# 
   201     0095                     	;# 
   202     0096                     	;# 
   203     0097                     	;# 
   204     0098                     	;# 
   205     0099                     	;# 
   206     009A                     	;# 
   207     009B                     	;# 
   208     009B                     	;# 
   209     009C                     	;# 
   210     009D                     	;# 
   211     009E                     	;# 
   212     010C                     	;# 
   213     0111                     	;# 
   214     0112                     	;# 
   215     0115                     	;# 
   216     0116                     	;# 
   217     0117                     	;# 
   218     0118                     	;# 
   219     0119                     	;# 
   220     011A                     	;# 
   221     011B                     	;# 
   222     011D                     	;# 
   223     011D                     	;# 
   224     018C                     	;# 
   225     0191                     	;# 
   226     0191                     	;# 
   227     0192                     	;# 
   228     0193                     	;# 
   229     0193                     	;# 
   230     0193                     	;# 
   231     0194                     	;# 
   232     0195                     	;# 
   233     0196                     	;# 
   234     0197                     	;# 
   235     0199                     	;# 
   236     019A                     	;# 
   237     019B                     	;# 
   238     019B                     	;# 
   239     019B                     	;# 
   240     019B                     	;# 
   241     019C                     	;# 
   242     019C                     	;# 
   243     019D                     	;# 
   244     019E                     	;# 
   245     019F                     	;# 
   246     020C                     	;# 
   247     0211                     	;# 
   248     0211                     	;# 
   249     0212                     	;# 
   250     0212                     	;# 
   251     0213                     	;# 
   252     0213                     	;# 
   253     0214                     	;# 
   254     0214                     	;# 
   255     0215                     	;# 
   256     0215                     	;# 
   257     0215                     	;# 
   258     0216                     	;# 
   259     0216                     	;# 
   260     0217                     	;# 
   261     0217                     	;# 
   262     0291                     	;# 
   263     0291                     	;# 
   264     0292                     	;# 
   265     0293                     	;# 
   266     0294                     	;# 
   267     0295                     	;# 
   268     0295                     	;# 
   269     0296                     	;# 
   270     0391                     	;# 
   271     0392                     	;# 
   272     0393                     	;# 
   273     039A                     	;# 
   274     039C                     	;# 
   275     039D                     	;# 
   276     039E                     	;# 
   277     039F                     	;# 
   278     0FE4                     	;# 
   279     0FE5                     	;# 
   280     0FE6                     	;# 
   281     0FE7                     	;# 
   282     0FE8                     	;# 
   283     0FE9                     	;# 
   284     0FEA                     	;# 
   285     0FEB                     	;# 
   286     0FED                     	;# 
   287     0FEE                     	;# 
   288     0FEF                     	;# 
   289     0000                     	;# 
   290     0001                     	;# 
   291     0002                     	;# 
   292     0003                     	;# 
   293     0004                     	;# 
   294     0005                     	;# 
   295     0006                     	;# 
   296     0007                     	;# 
   297     0008                     	;# 
   298     0009                     	;# 
   299     000A                     	;# 
   300     000B                     	;# 
   301     000C                     	;# 
   302     0011                     	;# 
   303     0012                     	;# 
   304     0015                     	;# 
   305     0016                     	;# 
   306     0016                     	;# 
   307     0017                     	;# 
   308     0018                     	;# 
   309     0019                     	;# 
   310     001A                     	;# 
   311     001B                     	;# 
   312     001C                     	;# 
   313     001E                     	;# 
   314     001F                     	;# 
   315     008C                     	;# 
   316     0091                     	;# 
   317     0092                     	;# 
   318     0095                     	;# 
   319     0096                     	;# 
   320     0097                     	;# 
   321     0098                     	;# 
   322     0099                     	;# 
   323     009A                     	;# 
   324     009B                     	;# 
   325     009B                     	;# 
   326     009C                     	;# 
   327     009D                     	;# 
   328     009E                     	;# 
   329     010C                     	;# 
   330     0111                     	;# 
   331     0112                     	;# 
   332     0115                     	;# 
   333     0116                     	;# 
   334     0117                     	;# 
   335     0118                     	;# 
   336     0119                     	;# 
   337     011A                     	;# 
   338     011B                     	;# 
   339     011D                     	;# 
   340     011D                     	;# 
   341     018C                     	;# 
   342     0191                     	;# 
   343     0191                     	;# 
   344     0192                     	;# 
   345     0193                     	;# 
   346     0193                     	;# 
   347     0193                     	;# 
   348     0194                     	;# 
   349     0195                     	;# 
   350     0196                     	;# 
   351     0197                     	;# 
   352     0199                     	;# 
   353     019A                     	;# 
   354     019B                     	;# 
   355     019B                     	;# 
   356     019B                     	;# 
   357     019B                     	;# 
   358     019C                     	;# 
   359     019C                     	;# 
   360     019D                     	;# 
   361     019E                     	;# 
   362     019F                     	;# 
   363     020C                     	;# 
   364     0211                     	;# 
   365     0211                     	;# 
   366     0212                     	;# 
   367     0212                     	;# 
   368     0213                     	;# 
   369     0213                     	;# 
   370     0214                     	;# 
   371     0214                     	;# 
   372     0215                     	;# 
   373     0215                     	;# 
   374     0215                     	;# 
   375     0216                     	;# 
   376     0216                     	;# 
   377     0217                     	;# 
   378     0217                     	;# 
   379     0291                     	;# 
   380     0291                     	;# 
   381     0292                     	;# 
   382     0293                     	;# 
   383     0294                     	;# 
   384     0295                     	;# 
   385     0295                     	;# 
   386     0296                     	;# 
   387     0391                     	;# 
   388     0392                     	;# 
   389     0393                     	;# 
   390     039A                     	;# 
   391     039C                     	;# 
   392     039D                     	;# 
   393     039E                     	;# 
   394     039F                     	;# 
   395     0FE4                     	;# 
   396     0FE5                     	;# 
   397     0FE6                     	;# 
   398     0FE7                     	;# 
   399     0FE8                     	;# 
   400     0FE9                     	;# 
   401     0FEA                     	;# 
   402     0FEB                     	;# 
   403     0FED                     	;# 
   404     0FEE                     	;# 
   405     0FEF                     	;# 
   406                           
   407                           	psect	idataBANK0
   408     0633                     __pidataBANK0:
   409                           
   410                           ;initializer for SysLED_Init@F1984
   411     0633  3400               	retlw	0
   412     0634  3401               	retlw	1
   413     0635  3400               	retlw	0
   414     0636  3400               	retlw	0
   415     0637  3405               	retlw	5
   416                           
   417                           	psect	cinit
   418     07EA                     start_initialization:	
   419                           ; #config settings
   420                           
   421     07EA                     __initialization:
   422                           
   423                           ; Initialize objects allocated to BANK0
   424     07EA  3033               	movlw	low __pidataBANK0
   425     07EB  0084               	movwf	4
   426     07EC  3086               	movlw	(high __pidataBANK0)| (0+128)
   427     07ED  0085               	movwf	5
   428     07EE  0012               	moviw fsr0++
   429     07EF  00AF               	movwf	__pdataBANK0& (0+127)
   430     07F0  0012               	moviw fsr0++
   431     07F1  00B0               	movwf	(__pdataBANK0+1)& (0+127)
   432     07F2  0012               	moviw fsr0++
   433     07F3  00B1               	movwf	(__pdataBANK0+2)& (0+127)
   434     07F4  0012               	moviw fsr0++
   435     07F5  00B2               	movwf	(__pdataBANK0+3)& (0+127)
   436     07F6  0012               	moviw fsr0++
   437     07F7  00B3               	movwf	(__pdataBANK0+4)& (0+127)
   438                           
   439                           ; Clear objects allocated to BANK0
   440     07F8  01AA               	clrf	__pbssBANK0& (0+127)
   441     07F9  01AB               	clrf	(__pbssBANK0+1)& (0+127)
   442     07FA  01AC               	clrf	(__pbssBANK0+2)& (0+127)
   443     07FB  01AD               	clrf	(__pbssBANK0+3)& (0+127)
   444     07FC  01AE               	clrf	(__pbssBANK0+4)& (0+127)
   445     07FD                     end_of_initialization:	
   446                           ;End of C runtime variable initialization code
   447                           
   448     07FD                     __end_of__initialization:
   449     07FD  0020               	movlb	0
   450     07FE  3186  2E38         	ljmp	_main	;jump to C main() function
   451                           
   452                           	psect	bssBANK0
   453     002A                     __pbssBANK0:
   454     002A                     _SysLED:
   455     002A                     	ds	5
   456                           
   457                           	psect	dataBANK0
   458     002F                     __pdataBANK0:
   459     002F                     SysLED_Init@F1984:
   460     002F                     	ds	5
   461                           
   462                           	psect	cstackCOMMON
   463     0070                     __pcstackCOMMON:
   464     0070                     ?_pin_init:
   465     0070                     ?_pin_toggle:	
   466                           ; 1 bytes @ 0x0
   467                           
   468     0070                     ?_SysLED_Init:	
   469                           ; 1 bytes @ 0x0
   470                           
   471     0070                     ?_SysLED_Toggle:	
   472                           ; 1 bytes @ 0x0
   473                           
   474     0070                     ?_main:	
   475                           ; 1 bytes @ 0x0
   476                           
   477     0070                     ?_get_pin_addr:	
   478                           ; 1 bytes @ 0x0
   479                           
   480     0070                     ?___lwmod:	
   481                           ; 2 bytes @ 0x0
   482                           
   483     0070                     ___lwmod@divisor:	
   484                           ; 2 bytes @ 0x0
   485                           
   486                           
   487                           ; 2 bytes @ 0x0
   488     0070                     	ds	2
   489     0072                     ??_get_pin_addr:
   490     0072                     get_pin_addr@gpio:	
   491                           ; 1 bytes @ 0x2
   492                           
   493     0072                     ___lwmod@dividend:	
   494                           ; 1 bytes @ 0x2
   495                           
   496                           
   497                           ; 2 bytes @ 0x2
   498     0072                     	ds	2
   499     0074                     ??___lwmod:
   500                           
   501                           ; 1 bytes @ 0x4
   502     0074                     	ds	1
   503     0075                     ___lwmod@counter:
   504                           
   505                           ; 1 bytes @ 0x5
   506     0075                     	ds	1
   507     0076                     ?_set_value:
   508     0076                     set_value@sect:	
   509                           ; 1 bytes @ 0x6
   510                           
   511                           
   512                           ; 1 bytes @ 0x6
   513     0076                     	ds	1
   514     0077                     set_value@val:
   515                           
   516                           ; 1 bytes @ 0x7
   517     0077                     	ds	1
   518     0078                     ??_set_value:
   519                           
   520                           ; 1 bytes @ 0x8
   521     0078                     	ds	4
   522     007C                     ??_pin_init:
   523     007C                     ??_pin_toggle:	
   524                           ; 1 bytes @ 0xC
   525                           
   526     007C                     pin_init@pin:	
   527                           ; 1 bytes @ 0xC
   528                           
   529     007C                     pin_toggle@pin:	
   530                           ; 1 bytes @ 0xC
   531                           
   532                           
   533                           ; 1 bytes @ 0xC
   534     007C                     	ds	1
   535     007D                     ??_SysLED_Init:
   536     007D                     ??_SysLED_Toggle:	
   537                           ; 1 bytes @ 0xD
   538                           
   539                           
   540                           ; 1 bytes @ 0xD
   541     007D                     	ds	1
   542                           
   543                           	psect	cstackBANK0
   544     0020                     __pcstackBANK0:
   545     0020                     set_value@gpio:
   546                           
   547                           ; 1 bytes @ 0x0
   548     0020                     	ds	1
   549     0021                     set_value@addr:
   550                           
   551                           ; 2 bytes @ 0x1
   552     0021                     	ds	2
   553     0023                     SysLED_Init@1985:
   554                           
   555                           ; 5 bytes @ 0x3
   556     0023                     	ds	5
   557     0028                     ??_main:
   558                           
   559                           ; 1 bytes @ 0x8
   560     0028                     	ds	2
   561                           
   562                           	psect	maintext
   563     0638                     __pmaintext:	
   564 ;;
   565 ;;Main: autosize = 0, tempsize = 2, incstack = 0, save=0
   566 ;;
   567 ;; *************** function _main *****************
   568 ;; Defined at:
   569 ;;		line 22 in file "main.c"
   570 ;; Parameters:    Size  Location     Type
   571 ;;		None
   572 ;; Auto vars:     Size  Location     Type
   573 ;;		None
   574 ;; Return value:  Size  Location     Type
   575 ;;                  1    wreg      void 
   576 ;; Registers used:
   577 ;;		wreg, fsr0l, fsr0h, fsr1l, fsr1h, status,2, status,0, pclath, cstack
   578 ;; Tracked objects:
   579 ;;		On entry : B1F/0
   580 ;;		On exit  : 0/0
   581 ;;		Unchanged: 0/0
   582 ;; Data sizes:     COMMON   BANK0   BANK1   BANK2
   583 ;;      Params:         0       0       0       0
   584 ;;      Locals:         0       0       0       0
   585 ;;      Temps:          0       2       0       0
   586 ;;      Totals:         0       2       0       0
   587 ;;Total ram usage:        2 bytes
   588 ;; Hardware stack levels required when called: 4
   589 ;; This function calls:
   590 ;;		_SysLED_Init
   591 ;;		_SysLED_Toggle
   592 ;; This function is called by:
   593 ;;		Startup code after reset
   594 ;; This function uses a non-reentrant model
   595 ;;
   596                           
   597     0638                     _main:	
   598                           ;psect for function _main
   599                           
   600     0638                     l937:	
   601                           ;incstack = 0
   602                           ; Regs used in _main: [wreg-fsr1h+status,2+status,0+pclath+cstack]
   603                           
   604                           
   605                           ;main.c: 24:     SysLED_Init();
   606     0638  3186  266E  3186   	fcall	_SysLED_Init
   607     063B                     l21:	
   608                           ;main.c: 27:     while(1){
   609                           
   610                           
   611                           ;main.c: 29:         SysLED_Toggle();
   612     063B  3186  262E  3186   	fcall	_SysLED_Toggle
   613     063E                     l939:
   614                           
   615                           ;main.c: 30:         _delay((unsigned long)((500)*(32000000/4000.0)));
   616     063E  3015               	movlw	21
   617     063F  0020               	movlb	0	; select bank0
   618     0640  00A9               	movwf	??_main+1
   619     0641  304B               	movlw	75
   620     0642  00A8               	movwf	??_main
   621     0643  30BE               	movlw	190
   622     0644                     u457:
   623     0644  0B89               	decfsz	9,f
   624     0645  2E44               	goto	u457
   625     0646  0BA8               	decfsz	??_main,f
   626     0647  2E44               	goto	u457
   627     0648  0BA9               	decfsz	??_main+1,f
   628     0649  2E44               	goto	u457
   629     064A  0000               	nop
   630     064B  2E3B               	goto	l21
   631     064C  3180  2802         	ljmp	start
   632     064E                     __end_of_main:
   633                           
   634                           	psect	text1
   635     062E                     __ptext1:	
   636 ;; *************** function _SysLED_Toggle *****************
   637 ;; Defined at:
   638 ;;		line 16 in file "main.c"
   639 ;; Parameters:    Size  Location     Type
   640 ;;		None
   641 ;; Auto vars:     Size  Location     Type
   642 ;;		None
   643 ;; Return value:  Size  Location     Type
   644 ;;                  1    wreg      void 
   645 ;; Registers used:
   646 ;;		wreg, fsr0l, fsr0h, fsr1l, fsr1h, status,2, status,0, pclath, cstack
   647 ;; Tracked objects:
   648 ;;		On entry : 0/0
   649 ;;		On exit  : 0/0
   650 ;;		Unchanged: 0/0
   651 ;; Data sizes:     COMMON   BANK0   BANK1   BANK2
   652 ;;      Params:         0       0       0       0
   653 ;;      Locals:         0       0       0       0
   654 ;;      Temps:          0       0       0       0
   655 ;;      Totals:         0       0       0       0
   656 ;;Total ram usage:        0 bytes
   657 ;; Hardware stack levels used: 1
   658 ;; Hardware stack levels required when called: 3
   659 ;; This function calls:
   660 ;;		_pin_toggle
   661 ;; This function is called by:
   662 ;;		_main
   663 ;; This function uses a non-reentrant model
   664 ;;
   665                           
   666     062E                     _SysLED_Toggle:	
   667                           ;psect for function _SysLED_Toggle
   668                           
   669     062E                     l935:	
   670                           ;incstack = 0
   671                           ; Regs used in _SysLED_Toggle: [wreg-fsr1h+status,2+status,0+pclath+cstack]
   672                           
   673                           
   674                           ;main.c: 17:     pin_toggle(&SysLED);
   675     062E  302A               	movlw	(low (_SysLED| 0))& (0+255)
   676     062F  3186  264E  3186   	fcall	_pin_toggle
   677     0632                     l16:
   678     0632  0008               	return
   679     0633                     __end_of_SysLED_Toggle:
   680                           
   681                           	psect	text2
   682     064E                     __ptext2:	
   683 ;; *************** function _pin_toggle *****************
   684 ;; Defined at:
   685 ;;		line 93 in file "pins.c"
   686 ;; Parameters:    Size  Location     Type
   687 ;;  pin             1    wreg     PTR struct .
   688 ;;		 -> SysLED(5), 
   689 ;; Auto vars:     Size  Location     Type
   690 ;;  pin             1   12[COMMON] PTR struct .
   691 ;;		 -> SysLED(5), 
   692 ;; Return value:  Size  Location     Type
   693 ;;                  1    wreg      void 
   694 ;; Registers used:
   695 ;;		wreg, fsr0l, fsr0h, fsr1l, fsr1h, status,2, status,0, pclath, cstack
   696 ;; Tracked objects:
   697 ;;		On entry : 0/0
   698 ;;		On exit  : 0/0
   699 ;;		Unchanged: 0/0
   700 ;; Data sizes:     COMMON   BANK0   BANK1   BANK2
   701 ;;      Params:         0       0       0       0
   702 ;;      Locals:         1       0       0       0
   703 ;;      Temps:          0       0       0       0
   704 ;;      Totals:         1       0       0       0
   705 ;;Total ram usage:        1 bytes
   706 ;; Hardware stack levels used: 1
   707 ;; Hardware stack levels required when called: 2
   708 ;; This function calls:
   709 ;;		_set_value
   710 ;; This function is called by:
   711 ;;		_SysLED_Toggle
   712 ;; This function uses a non-reentrant model
   713 ;;
   714                           
   715     064E                     _pin_toggle:	
   716                           ;psect for function _pin_toggle
   717                           
   718                           
   719                           ;incstack = 0
   720                           ; Regs used in _pin_toggle: [wreg-fsr1h+status,2+status,0+pclath+cstack]
   721                           ;pin_toggle@pin stored from wreg
   722     064E  00FC               	movwf	pin_toggle@pin
   723     064F                     l927:
   724                           
   725                           ;pins.c: 94:     pin->value = !pin->value;
   726     064F  087C               	movf	pin_toggle@pin,w
   727     0650  3E03               	addlw	3
   728     0651  0086               	movwf	6
   729     0652  0187               	clrf	7
   730     0653  087C               	movf	pin_toggle@pin,w
   731     0654  3E03               	addlw	3
   732     0655  0084               	movwf	4
   733     0656  0185               	clrf	5
   734     0657  0800               	movf	0,w
   735     0658  1903               	btfsc	3,2
   736     0659  2E5B               	goto	u391
   737     065A  2E5D               	goto	u390
   738     065B                     u391:
   739     065B  3001               	movlw	1
   740     065C  2E5E               	goto	u400
   741     065D                     u390:
   742     065D  3000               	movlw	0
   743     065E                     u400:
   744     065E  0081               	movwf	1
   745     065F                     l929:
   746                           
   747                           ;pins.c: 95:     set_value(pin->gpio, GPIO_SECT_PORT, pin->value);
   748     065F  01F6               	clrf	set_value@sect
   749     0660  087C               	movf	pin_toggle@pin,w
   750     0661  0086               	movwf	6
   751     0662  0187               	clrf	7
   752     0663  3F43               	moviw [3]fsr1
   753     0664  00F7               	movwf	set_value@val
   754     0665  087C               	movf	pin_toggle@pin,w
   755     0666  3E04               	addlw	4
   756     0667  0086               	movwf	6
   757     0668  0187               	clrf	7
   758     0669  0801               	movf	1,w
   759     066A  3186  26E6  3186   	fcall	_set_value
   760     066D                     l74:
   761     066D  0008               	return
   762     066E                     __end_of_pin_toggle:
   763                           
   764                           	psect	text3
   765     066E                     __ptext3:	
   766 ;; *************** function _SysLED_Init *****************
   767 ;; Defined at:
   768 ;;		line 5 in file "main.c"
   769 ;; Parameters:    Size  Location     Type
   770 ;;		None
   771 ;; Auto vars:     Size  Location     Type
   772 ;;  1985            5    3[BANK0 ] struct .
   773 ;; Return value:  Size  Location     Type
   774 ;;                  1    wreg      void 
   775 ;; Registers used:
   776 ;;		wreg, fsr0l, fsr0h, fsr1l, fsr1h, status,2, status,0, pclath, cstack
   777 ;; Tracked objects:
   778 ;;		On entry : 0/0
   779 ;;		On exit  : 0/0
   780 ;;		Unchanged: 0/0
   781 ;; Data sizes:     COMMON   BANK0   BANK1   BANK2
   782 ;;      Params:         0       0       0       0
   783 ;;      Locals:         0       5       0       0
   784 ;;      Temps:          1       0       0       0
   785 ;;      Totals:         1       5       0       0
   786 ;;Total ram usage:        6 bytes
   787 ;; Hardware stack levels used: 1
   788 ;; Hardware stack levels required when called: 3
   789 ;; This function calls:
   790 ;;		_pin_init
   791 ;; This function is called by:
   792 ;;		_main
   793 ;; This function uses a non-reentrant model
   794 ;;
   795                           
   796     066E                     _SysLED_Init:	
   797                           ;psect for function _SysLED_Init
   798                           
   799     066E                     l931:	
   800                           ;incstack = 0
   801                           ; Regs used in _SysLED_Init: [wreg-fsr1h+status,2+status,0+pclath+cstack]
   802                           
   803                           
   804                           ;main.c: 12:     };;main.c: 7:     SysLED = (Pin_t){
   805     066E  302F               	movlw	low SysLED_Init@F1984
   806     066F  0086               	movwf	6
   807     0670  3000               	movlw	high SysLED_Init@F1984
   808     0671  0087               	movwf	7
   809     0672  3023               	movlw	low SysLED_Init@1985
   810     0673  0084               	movwf	4
   811     0674  3000               	movlw	high SysLED_Init@1985
   812     0675  0085               	movwf	5
   813     0676  3005               	movlw	5
   814     0677  00FD               	movwf	??_SysLED_Init
   815     0678                     u410:
   816     0678  0016               	moviw fsr1++
   817     0679  001A               	movwi fsr0++
   818     067A  0BFD               	decfsz	??_SysLED_Init,f
   819     067B  2E78               	goto	u410
   820     067C  3023               	movlw	low SysLED_Init@1985
   821     067D  0086               	movwf	6
   822     067E  3000               	movlw	high SysLED_Init@1985
   823     067F  0087               	movwf	7
   824     0680  302A               	movlw	low _SysLED
   825     0681  0084               	movwf	4
   826     0682  3000               	movlw	high _SysLED
   827     0683  0085               	movwf	5
   828     0684  3005               	movlw	5
   829     0685  00FD               	movwf	??_SysLED_Init
   830     0686                     u420:
   831     0686  0016               	moviw fsr1++
   832     0687  001A               	movwi fsr0++
   833     0688  0BFD               	decfsz	??_SysLED_Init,f
   834     0689  2E86               	goto	u420
   835     068A                     l933:
   836                           
   837                           ;main.c: 13:     pin_init(&SysLED);
   838     068A  302A               	movlw	(low (_SysLED| 0))& (0+255)
   839     068B  3187  2766  3186   	fcall	_pin_init
   840     068E                     l13:
   841     068E  0008               	return
   842     068F                     __end_of_SysLED_Init:
   843                           
   844                           	psect	text4
   845     0766                     __ptext4:	
   846 ;; *************** function _pin_init *****************
   847 ;; Defined at:
   848 ;;		line 57 in file "pins.c"
   849 ;; Parameters:    Size  Location     Type
   850 ;;  pin             1    wreg     PTR struct .
   851 ;;		 -> SysLED(5), 
   852 ;; Auto vars:     Size  Location     Type
   853 ;;  pin             1   12[COMMON] PTR struct .
   854 ;;		 -> SysLED(5), 
   855 ;; Return value:  Size  Location     Type
   856 ;;                  1    wreg      unsigned char 
   857 ;; Registers used:
   858 ;;		wreg, fsr0l, fsr0h, fsr1l, fsr1h, status,2, status,0, pclath, cstack
   859 ;; Tracked objects:
   860 ;;		On entry : 0/0
   861 ;;		On exit  : 0/0
   862 ;;		Unchanged: 0/0
   863 ;; Data sizes:     COMMON   BANK0   BANK1   BANK2
   864 ;;      Params:         0       0       0       0
   865 ;;      Locals:         1       0       0       0
   866 ;;      Temps:          0       0       0       0
   867 ;;      Totals:         1       0       0       0
   868 ;;Total ram usage:        1 bytes
   869 ;; Hardware stack levels used: 1
   870 ;; Hardware stack levels required when called: 2
   871 ;; This function calls:
   872 ;;		_set_value
   873 ;; This function is called by:
   874 ;;		_SysLED_Init
   875 ;; This function uses a non-reentrant model
   876 ;;
   877                           
   878     0766                     _pin_init:	
   879                           ;psect for function _pin_init
   880                           
   881                           
   882                           ;incstack = 0
   883                           ; Regs used in _pin_init: [wreg-fsr1h+status,2+status,0+pclath+cstack]
   884                           ;pin_init@pin stored from wreg
   885     0766  00FC               	movwf	pin_init@pin
   886     0767                     l913:
   887                           
   888                           ;pins.c: 58:     if (pin->drive_mode == GPIO_OUTPUT || pin->drive_mode == GPIO_OUTPUT_PU
      +                          LL_UP || pin->drive_mode == GPIO_OUTPUT_PULL_DOWN){
   889     0767  087C               	movf	pin_init@pin,w
   890     0768  0086               	movwf	6
   891     0769  0187               	clrf	7
   892     076A  0801               	movf	1,w
   893     076B  1903               	btfsc	3,2
   894     076C  2F6E               	goto	u361
   895     076D  2F6F               	goto	u360
   896     076E                     u361:
   897     076E  2F80               	goto	l919
   898     076F                     u360:
   899     076F                     l915:
   900     076F  087C               	movf	pin_init@pin,w
   901     0770  0086               	movwf	6
   902     0771  0187               	clrf	7
   903     0772  0301               	decf	1,w
   904     0773  1903               	btfsc	3,2
   905     0774  2F76               	goto	u371
   906     0775  2F77               	goto	u370
   907     0776                     u371:
   908     0776  2F80               	goto	l919
   909     0777                     u370:
   910     0777                     l917:
   911     0777  087C               	movf	pin_init@pin,w
   912     0778  0086               	movwf	6
   913     0779  0187               	clrf	7
   914     077A  3002               	movlw	2
   915     077B  0601               	xorwf	1,w
   916     077C  1D03               	btfss	3,2
   917     077D  2F7F               	goto	u381
   918     077E  2F80               	goto	u380
   919     077F                     u381:
   920     077F  2FB4               	goto	l921
   921     0780                     u380:
   922     0780                     l919:
   923                           
   924                           ;pins.c: 59:         set_value(pin->gpio, GPIO_SECT_ANSEL, 0u);
   925     0780  3002               	movlw	2
   926     0781  00F6               	movwf	set_value@sect
   927     0782  01F7               	clrf	set_value@val
   928     0783  087C               	movf	pin_init@pin,w
   929     0784  3E04               	addlw	4
   930     0785  0086               	movwf	6
   931     0786  0187               	clrf	7
   932     0787  0801               	movf	1,w
   933     0788  3186  26E6  3187   	fcall	_set_value
   934                           
   935                           ;pins.c: 60:         set_value(pin->gpio, GPIO_SECT_PORT, pin->initial_value);
   936     078B  01F6               	clrf	set_value@sect
   937     078C  087C               	movf	pin_init@pin,w
   938     078D  0086               	movwf	6
   939     078E  0187               	clrf	7
   940     078F  3F42               	moviw [2]fsr1
   941     0790  00F7               	movwf	set_value@val
   942     0791  087C               	movf	pin_init@pin,w
   943     0792  3E04               	addlw	4
   944     0793  0086               	movwf	6
   945     0794  0187               	clrf	7
   946     0795  0801               	movf	1,w
   947     0796  3186  26E6  3187   	fcall	_set_value
   948                           
   949                           ;pins.c: 61:         set_value(pin->gpio, GPIO_SECT_LAT, pin->initial_value);
   950     0799  01F6               	clrf	set_value@sect
   951     079A  0AF6               	incf	set_value@sect,f
   952     079B  087C               	movf	pin_init@pin,w
   953     079C  0086               	movwf	6
   954     079D  0187               	clrf	7
   955     079E  3F42               	moviw [2]fsr1
   956     079F  00F7               	movwf	set_value@val
   957     07A0  087C               	movf	pin_init@pin,w
   958     07A1  3E04               	addlw	4
   959     07A2  0086               	movwf	6
   960     07A3  0187               	clrf	7
   961     07A4  0801               	movf	1,w
   962     07A5  3186  26E6  3187   	fcall	_set_value
   963                           
   964                           ;pins.c: 62:         set_value(pin->gpio, GPIO_SECT_TRIS, 0u);
   965     07A8  3003               	movlw	3
   966     07A9  00F6               	movwf	set_value@sect
   967     07AA  01F7               	clrf	set_value@val
   968     07AB  087C               	movf	pin_init@pin,w
   969     07AC  3E04               	addlw	4
   970     07AD  0086               	movwf	6
   971     07AE  0187               	clrf	7
   972     07AF  0801               	movf	1,w
   973     07B0  3186  26E6  3187   	fcall	_set_value
   974                           
   975                           ;pins.c: 63:     } else {
   976     07B3  2FDF               	goto	l923
   977     07B4                     l921:
   978                           
   979                           ;pins.c: 64:         set_value(pin->gpio, GPIO_SECT_ANSEL, 0u);
   980     07B4  3002               	movlw	2
   981     07B5  00F6               	movwf	set_value@sect
   982     07B6  01F7               	clrf	set_value@val
   983     07B7  087C               	movf	pin_init@pin,w
   984     07B8  3E04               	addlw	4
   985     07B9  0086               	movwf	6
   986     07BA  0187               	clrf	7
   987     07BB  0801               	movf	1,w
   988     07BC  3186  26E6  3187   	fcall	_set_value
   989                           
   990                           ;pins.c: 65:         set_value(pin->gpio, GPIO_SECT_PORT, 0u);
   991     07BF  01F6               	clrf	set_value@sect
   992     07C0  01F7               	clrf	set_value@val
   993     07C1  087C               	movf	pin_init@pin,w
   994     07C2  3E04               	addlw	4
   995     07C3  0086               	movwf	6
   996     07C4  0187               	clrf	7
   997     07C5  0801               	movf	1,w
   998     07C6  3186  26E6  3187   	fcall	_set_value
   999                           
  1000                           ;pins.c: 66:         set_value(pin->gpio, GPIO_SECT_LAT, 0u);
  1001     07C9  01F6               	clrf	set_value@sect
  1002     07CA  0AF6               	incf	set_value@sect,f
  1003     07CB  01F7               	clrf	set_value@val
  1004     07CC  087C               	movf	pin_init@pin,w
  1005     07CD  3E04               	addlw	4
  1006     07CE  0086               	movwf	6
  1007     07CF  0187               	clrf	7
  1008     07D0  0801               	movf	1,w
  1009     07D1  3186  26E6  3187   	fcall	_set_value
  1010                           
  1011                           ;pins.c: 67:         set_value(pin->gpio, GPIO_SECT_TRIS, 0u);
  1012     07D4  3003               	movlw	3
  1013     07D5  00F6               	movwf	set_value@sect
  1014     07D6  01F7               	clrf	set_value@val
  1015     07D7  087C               	movf	pin_init@pin,w
  1016     07D8  3E04               	addlw	4
  1017     07D9  0086               	movwf	6
  1018     07DA  0187               	clrf	7
  1019     07DB  0801               	movf	1,w
  1020     07DC  3186  26E6  3187   	fcall	_set_value
  1021     07DF                     l923:
  1022                           
  1023                           ;pins.c: 69:     pin->value = pin->initial_value;
  1024     07DF  087C               	movf	pin_init@pin,w
  1025     07E0  3E03               	addlw	3
  1026     07E1  0086               	movwf	6
  1027     07E2  0187               	clrf	7
  1028     07E3  087C               	movf	pin_init@pin,w
  1029     07E4  3E02               	addlw	2
  1030     07E5  0084               	movwf	4
  1031     07E6  0185               	clrf	5
  1032     07E7  0800               	movf	0,w
  1033     07E8  0081               	movwf	1
  1034     07E9                     l59:
  1035     07E9  0008               	return
  1036     07EA                     __end_of_pin_init:
  1037                           
  1038                           	psect	text5
  1039     06E6                     __ptext5:	
  1040 ;; *************** function _set_value *****************
  1041 ;; Defined at:
  1042 ;;		line 24 in file "pins.c"
  1043 ;; Parameters:    Size  Location     Type
  1044 ;;  gpio            1    wreg     enum E1909
  1045 ;;  sect            1    6[COMMON] enum E1903
  1046 ;;  val             1    7[COMMON] unsigned char 
  1047 ;; Auto vars:     Size  Location     Type
  1048 ;;  gpio            1    0[BANK0 ] enum E1909
  1049 ;;  addr            2    1[BANK0 ] PTR unsigned char 
  1050 ;;		 -> RAM(4096), 
  1051 ;; Return value:  Size  Location     Type
  1052 ;;                  1    wreg      void 
  1053 ;; Registers used:
  1054 ;;		wreg, fsr0l, fsr0h, fsr1l, fsr1h, status,2, status,0, pclath, cstack
  1055 ;; Tracked objects:
  1056 ;;		On entry : 0/0
  1057 ;;		On exit  : 0/0
  1058 ;;		Unchanged: 0/0
  1059 ;; Data sizes:     COMMON   BANK0   BANK1   BANK2
  1060 ;;      Params:         2       0       0       0
  1061 ;;      Locals:         0       3       0       0
  1062 ;;      Temps:          4       0       0       0
  1063 ;;      Totals:         6       3       0       0
  1064 ;;Total ram usage:        9 bytes
  1065 ;; Hardware stack levels used: 1
  1066 ;; Hardware stack levels required when called: 1
  1067 ;; This function calls:
  1068 ;;		___lwmod
  1069 ;;		_get_pin_addr
  1070 ;; This function is called by:
  1071 ;;		_pin_init
  1072 ;;		_pin_toggle
  1073 ;;		_pin_on
  1074 ;;		_pin_off
  1075 ;;		_pin_write
  1076 ;; This function uses a non-reentrant model
  1077 ;;
  1078                           
  1079     06E6                     _set_value:	
  1080                           ;psect for function _set_value
  1081                           
  1082                           
  1083                           ;incstack = 0
  1084                           ; Regs used in _set_value: [wreg-fsr1h+status,2+status,0+pclath+cstack]
  1085                           ;set_value@gpio stored from wreg
  1086     06E6  0020               	movlb	0	; select bank0
  1087     06E7  00A0               	movwf	set_value@gpio
  1088     06E8                     l891:
  1089                           
  1090                           ;pins.c: 25:     uint8_t * addr = (uint8_t*)get_pin_addr(gpio);
  1091     06E8  0820               	movf	set_value@gpio,w
  1092     06E9  3186  268F  3186   	fcall	_get_pin_addr
  1093     06EC  0871               	movf	?_get_pin_addr+1,w
  1094     06ED  0020               	movlb	0	; select bank0
  1095     06EE  00A2               	movwf	set_value@addr+1
  1096     06EF  0870               	movf	?_get_pin_addr,w
  1097     06F0  00A1               	movwf	set_value@addr
  1098                           
  1099                           ;pins.c: 26:     switch(sect){
  1100     06F1  2F01               	goto	l901
  1101     06F2                     l893:
  1102                           
  1103                           ;pins.c: 34:             addr += 0x080;
  1104     06F2  3080               	movlw	128
  1105     06F3  07A1               	addwf	set_value@addr,f
  1106     06F4  3000               	movlw	0
  1107     06F5  3DA2               	addwfc	set_value@addr+1,f
  1108                           
  1109                           ;pins.c: 35:             break;
  1110     06F6  2F17               	goto	l903
  1111     06F7                     l895:
  1112                           
  1113                           ;pins.c: 38:             addr += 0x180;
  1114     06F7  3080               	movlw	128
  1115     06F8  07A1               	addwf	set_value@addr,f
  1116     06F9  3001               	movlw	1
  1117     06FA  3DA2               	addwfc	set_value@addr+1,f
  1118                           
  1119                           ;pins.c: 39:             break;
  1120     06FB  2F17               	goto	l903
  1121     06FC                     l897:
  1122                           
  1123                           ;pins.c: 42:             addr += 0x100;
  1124     06FC  3000               	movlw	0
  1125     06FD  07A1               	addwf	set_value@addr,f
  1126     06FE  3001               	movlw	1
  1127     06FF  3DA2               	addwfc	set_value@addr+1,f
  1128                           
  1129                           ;pins.c: 43:             break;
  1130     0700  2F17               	goto	l903
  1131     0701                     l901:
  1132     0701  0876               	movf	set_value@sect,w
  1133     0702  00F8               	movwf	??_set_value
  1134     0703  01F9               	clrf	??_set_value+1
  1135                           
  1136                           ; Switch on 2 bytes has been partitioned into a top level switch of size 1, and 1 sub-sw
      +                          itches
  1137                           ; Switch size 1, requested type "simple"
  1138                           ; Number of cases is 1, Range of values is 0 to 0
  1139                           ; switch strategies available:
  1140                           ; Name         Instructions Cycles
  1141                           ; simple_byte            4     3 (average)
  1142                           ; direct_byte            8     6 (fixed)
  1143                           ; jumptable            260     6 (fixed)
  1144                           ;	Chosen strategy is simple_byte
  1145     0704  0879               	movf	??_set_value+1,w
  1146     0705  3A00               	xorlw	0	; case 0
  1147     0706  1903               	skipnz
  1148     0707  2F09               	goto	l957
  1149     0708  2F17               	goto	l903
  1150     0709                     l957:
  1151                           
  1152                           ; Switch size 1, requested type "simple"
  1153                           ; Number of cases is 4, Range of values is 0 to 3
  1154                           ; switch strategies available:
  1155                           ; Name         Instructions Cycles
  1156                           ; simple_byte           13     7 (average)
  1157                           ; direct_byte           14     6 (fixed)
  1158                           ; jumptable            260     6 (fixed)
  1159                           ;	Chosen strategy is simple_byte
  1160     0709  0878               	movf	??_set_value,w
  1161     070A  3A00               	xorlw	0	; case 0
  1162     070B  1903               	skipnz
  1163     070C  2F17               	goto	l903
  1164     070D  3A01               	xorlw	1	; case 1
  1165     070E  1903               	skipnz
  1166     070F  2EFC               	goto	l897
  1167     0710  3A03               	xorlw	3	; case 2
  1168     0711  1903               	skipnz
  1169     0712  2EF7               	goto	l895
  1170     0713  3A01               	xorlw	1	; case 3
  1171     0714  1903               	skipnz
  1172     0715  2EF2               	goto	l893
  1173     0716  2F17               	goto	l903
  1174     0717                     l903:
  1175                           
  1176                           ;pins.c: 45:     if (val){
  1177     0717  0877               	movf	set_value@val,w
  1178     0718  1903               	btfsc	3,2
  1179     0719  2F1B               	goto	u331
  1180     071A  2F1C               	goto	u330
  1181     071B                     u331:
  1182     071B  2F41               	goto	l907
  1183     071C                     u330:
  1184     071C                     l905:
  1185                           
  1186                           ;pins.c: 46:         *addr = *addr | 1u << gpio % 10u;
  1187     071C  0821               	movf	set_value@addr,w
  1188     071D  0086               	movwf	6
  1189     071E  0822               	movf	set_value@addr+1,w
  1190     071F  0087               	movwf	7
  1191     0720  3001               	movlw	1
  1192     0721  00F8               	movwf	??_set_value
  1193     0722  300A               	movlw	10
  1194     0723  00F0               	movwf	___lwmod@divisor
  1195     0724  3000               	movlw	0
  1196     0725  00F1               	movwf	___lwmod@divisor+1
  1197     0726  0820               	movf	set_value@gpio,w
  1198     0727  00F9               	movwf	??_set_value+1
  1199     0728  01FA               	clrf	??_set_value+2
  1200     0729  0879               	movf	??_set_value+1,w
  1201     072A  00F2               	movwf	___lwmod@dividend
  1202     072B  087A               	movf	??_set_value+2,w
  1203     072C  00F3               	movwf	___lwmod@dividend+1
  1204     072D  3186  26B2  3186   	fcall	___lwmod
  1205     0730  0870               	movf	?___lwmod,w
  1206     0731  0A89               	incf	9,f
  1207     0732  2F34               	goto	u344
  1208     0733                     u345:
  1209     0733  35F8               	lslf	??_set_value,f
  1210     0734                     u344:
  1211     0734  0B89               	decfsz	9,f
  1212     0735  2F33               	goto	u345
  1213     0736  0878               	movf	??_set_value,w
  1214     0737  0401               	iorwf	1,w
  1215     0738  00FB               	movwf	??_set_value+3
  1216     0739  0020               	movlb	0	; select bank0
  1217     073A  0821               	movf	set_value@addr,w
  1218     073B  0086               	movwf	6
  1219     073C  0822               	movf	set_value@addr+1,w
  1220     073D  0087               	movwf	7
  1221     073E  087B               	movf	??_set_value+3,w
  1222     073F  0081               	movwf	1
  1223                           
  1224                           ;pins.c: 47:     } else {
  1225     0740  2F65               	goto	l49
  1226     0741                     l907:
  1227                           
  1228                           ;pins.c: 48:         *addr = *addr ^ 1u << gpio % 10u;
  1229     0741  0821               	movf	set_value@addr,w
  1230     0742  0086               	movwf	6
  1231     0743  0822               	movf	set_value@addr+1,w
  1232     0744  0087               	movwf	7
  1233     0745  3001               	movlw	1
  1234     0746  00F8               	movwf	??_set_value
  1235     0747  300A               	movlw	10
  1236     0748  00F0               	movwf	___lwmod@divisor
  1237     0749  3000               	movlw	0
  1238     074A  00F1               	movwf	___lwmod@divisor+1
  1239     074B  0820               	movf	set_value@gpio,w
  1240     074C  00F9               	movwf	??_set_value+1
  1241     074D  01FA               	clrf	??_set_value+2
  1242     074E  0879               	movf	??_set_value+1,w
  1243     074F  00F2               	movwf	___lwmod@dividend
  1244     0750  087A               	movf	??_set_value+2,w
  1245     0751  00F3               	movwf	___lwmod@dividend+1
  1246     0752  3186  26B2  3186   	fcall	___lwmod
  1247     0755  0870               	movf	?___lwmod,w
  1248     0756  0A89               	incf	9,f
  1249     0757  2F59               	goto	u354
  1250     0758                     u355:
  1251     0758  35F8               	lslf	??_set_value,f
  1252     0759                     u354:
  1253     0759  0B89               	decfsz	9,f
  1254     075A  2F58               	goto	u355
  1255     075B  0878               	movf	??_set_value,w
  1256     075C  0601               	xorwf	1,w
  1257     075D  00FB               	movwf	??_set_value+3
  1258     075E  0020               	movlb	0	; select bank0
  1259     075F  0821               	movf	set_value@addr,w
  1260     0760  0086               	movwf	6
  1261     0761  0822               	movf	set_value@addr+1,w
  1262     0762  0087               	movwf	7
  1263     0763  087B               	movf	??_set_value+3,w
  1264     0764  0081               	movwf	1
  1265     0765                     l49:
  1266     0765  0008               	return
  1267     0766                     __end_of_set_value:
  1268                           
  1269                           	psect	text6
  1270     068F                     __ptext6:	
  1271 ;; *************** function _get_pin_addr *****************
  1272 ;; Defined at:
  1273 ;;		line 3 in file "pins.c"
  1274 ;; Parameters:    Size  Location     Type
  1275 ;;  gpio            1    wreg     enum E1909
  1276 ;; Auto vars:     Size  Location     Type
  1277 ;;  gpio            1    2[COMMON] enum E1909
  1278 ;; Return value:  Size  Location     Type
  1279 ;;                  2    0[COMMON] unsigned short 
  1280 ;; Registers used:
  1281 ;;		wreg
  1282 ;; Tracked objects:
  1283 ;;		On entry : 0/0
  1284 ;;		On exit  : 0/0
  1285 ;;		Unchanged: 0/0
  1286 ;; Data sizes:     COMMON   BANK0   BANK1   BANK2
  1287 ;;      Params:         2       0       0       0
  1288 ;;      Locals:         1       0       0       0
  1289 ;;      Temps:          0       0       0       0
  1290 ;;      Totals:         3       0       0       0
  1291 ;;Total ram usage:        3 bytes
  1292 ;; Hardware stack levels used: 1
  1293 ;; This function calls:
  1294 ;;		Nothing
  1295 ;; This function is called by:
  1296 ;;		_set_value
  1297 ;; This function uses a non-reentrant model
  1298 ;;
  1299                           
  1300     068F                     _get_pin_addr:	
  1301                           ;psect for function _get_pin_addr
  1302                           
  1303                           
  1304                           ;incstack = 0
  1305                           ; Regs used in _get_pin_addr: [wreg]
  1306                           ;get_pin_addr@gpio stored from wreg
  1307     068F  00F2               	movwf	get_pin_addr@gpio
  1308     0690                     l825:
  1309                           
  1310                           ;pins.c: 4:     if (gpio >= 0 && gpio < 10){
  1311     0690  300A               	movlw	10
  1312     0691  0272               	subwf	get_pin_addr@gpio,w
  1313     0692  1803               	skipnc
  1314     0693  2E95               	goto	u231
  1315     0694  2E96               	goto	u230
  1316     0695                     u231:
  1317     0695  2E9B               	goto	l833
  1318     0696                     u230:
  1319     0696                     l827:
  1320                           
  1321                           ;pins.c: 6:         return 0x00C;
  1322     0696  300C               	movlw	12
  1323     0697  00F0               	movwf	?_get_pin_addr
  1324     0698  3000               	movlw	0
  1325     0699  00F1               	movwf	?_get_pin_addr+1
  1326     069A  2EB1               	goto	l28
  1327     069B                     l833:
  1328     069B  3014               	movlw	20
  1329     069C  0272               	subwf	get_pin_addr@gpio,w
  1330     069D  1803               	skipnc
  1331     069E  2EA0               	goto	u241
  1332     069F  2EA1               	goto	u240
  1333     06A0                     u241:
  1334     06A0  2EA2               	goto	l841
  1335     06A1                     u240:
  1336     06A1  2E96               	goto	l827
  1337     06A2                     l841:
  1338     06A2  301E               	movlw	30
  1339     06A3  0272               	subwf	get_pin_addr@gpio,w
  1340     06A4  1803               	skipnc
  1341     06A5  2EA7               	goto	u251
  1342     06A6  2EA8               	goto	u250
  1343     06A7                     u251:
  1344     06A7  2EA9               	goto	l849
  1345     06A8                     u250:
  1346     06A8  2E96               	goto	l827
  1347     06A9                     l849:
  1348     06A9  3028               	movlw	40
  1349     06AA  0272               	subwf	get_pin_addr@gpio,w
  1350     06AB  1803               	skipnc
  1351     06AC  2EAE               	goto	u261
  1352     06AD  2EAF               	goto	u260
  1353     06AE                     u261:
  1354     06AE  2EB0               	goto	l857
  1355     06AF                     u260:
  1356     06AF  2E96               	goto	l827
  1357     06B0                     l857:
  1358     06B0  2E96               	goto	l827
  1359     06B1                     l28:
  1360     06B1  0008               	return
  1361     06B2                     __end_of_get_pin_addr:
  1362                           
  1363                           	psect	text7
  1364     06B2                     __ptext7:	
  1365 ;; *************** function ___lwmod *****************
  1366 ;; Defined at:
  1367 ;;		line 5 in file "W:\Program Files\Microchip\xc8\v2.45\pic\sources\c99\common\lwmod.c"
  1368 ;; Parameters:    Size  Location     Type
  1369 ;;  divisor         2    0[COMMON] unsigned int 
  1370 ;;  dividend        2    2[COMMON] unsigned int 
  1371 ;; Auto vars:     Size  Location     Type
  1372 ;;  counter         1    5[COMMON] unsigned char 
  1373 ;; Return value:  Size  Location     Type
  1374 ;;                  2    0[COMMON] unsigned int 
  1375 ;; Registers used:
  1376 ;;		wreg, status,2, status,0
  1377 ;; Tracked objects:
  1378 ;;		On entry : 0/0
  1379 ;;		On exit  : 0/0
  1380 ;;		Unchanged: 0/0
  1381 ;; Data sizes:     COMMON   BANK0   BANK1   BANK2
  1382 ;;      Params:         4       0       0       0
  1383 ;;      Locals:         1       0       0       0
  1384 ;;      Temps:          1       0       0       0
  1385 ;;      Totals:         6       0       0       0
  1386 ;;Total ram usage:        6 bytes
  1387 ;; Hardware stack levels used: 1
  1388 ;; This function calls:
  1389 ;;		Nothing
  1390 ;; This function is called by:
  1391 ;;		_set_value
  1392 ;; This function uses a non-reentrant model
  1393 ;;
  1394                           
  1395     06B2                     ___lwmod:	
  1396                           ;psect for function ___lwmod
  1397                           
  1398     06B2                     l869:	
  1399                           ;incstack = 0
  1400                           ; Regs used in ___lwmod: [wreg+status,2+status,0]
  1401                           
  1402     06B2  0870               	movf	___lwmod@divisor,w
  1403     06B3  0471               	iorwf	___lwmod@divisor+1,w
  1404     06B4  1903               	btfsc	3,2
  1405     06B5  2EB7               	goto	u271
  1406     06B6  2EB8               	goto	u270
  1407     06B7                     u271:
  1408     06B7  2EE1               	goto	l887
  1409     06B8                     u270:
  1410     06B8                     l871:
  1411     06B8  01F5               	clrf	___lwmod@counter
  1412     06B9  0AF5               	incf	___lwmod@counter,f
  1413     06BA  2EC4               	goto	l877
  1414     06BB                     l873:
  1415     06BB  3001               	movlw	1
  1416     06BC                     u285:
  1417     06BC  35F0               	lslf	___lwmod@divisor,f
  1418     06BD  0DF1               	rlf	___lwmod@divisor+1,f
  1419     06BE  0B89               	decfsz	9,f
  1420     06BF  2EBC               	goto	u285
  1421     06C0                     l875:
  1422     06C0  3001               	movlw	1
  1423     06C1  00F4               	movwf	??___lwmod
  1424     06C2  0874               	movf	??___lwmod,w
  1425     06C3  07F5               	addwf	___lwmod@counter,f
  1426     06C4                     l877:
  1427     06C4  1FF1               	btfss	___lwmod@divisor+1,7
  1428     06C5  2EC7               	goto	u291
  1429     06C6  2EC8               	goto	u290
  1430     06C7                     u291:
  1431     06C7  2EBB               	goto	l873
  1432     06C8                     u290:
  1433     06C8                     l879:
  1434     06C8  0871               	movf	___lwmod@divisor+1,w
  1435     06C9  0273               	subwf	___lwmod@dividend+1,w
  1436     06CA  1D03               	skipz
  1437     06CB  2ECE               	goto	u305
  1438     06CC  0870               	movf	___lwmod@divisor,w
  1439     06CD  0272               	subwf	___lwmod@dividend,w
  1440     06CE                     u305:
  1441     06CE  1C03               	skipc
  1442     06CF  2ED1               	goto	u301
  1443     06D0  2ED2               	goto	u300
  1444     06D1                     u301:
  1445     06D1  2ED6               	goto	l883
  1446     06D2                     u300:
  1447     06D2                     l881:
  1448     06D2  0870               	movf	___lwmod@divisor,w
  1449     06D3  02F2               	subwf	___lwmod@dividend,f
  1450     06D4  0871               	movf	___lwmod@divisor+1,w
  1451     06D5  3BF3               	subwfb	___lwmod@dividend+1,f
  1452     06D6                     l883:
  1453     06D6  3001               	movlw	1
  1454     06D7                     u315:
  1455     06D7  36F1               	lsrf	___lwmod@divisor+1,f
  1456     06D8  0CF0               	rrf	___lwmod@divisor,f
  1457     06D9  0B89               	decfsz	9,f
  1458     06DA  2ED7               	goto	u315
  1459     06DB                     l885:
  1460     06DB  3001               	movlw	1
  1461     06DC  02F5               	subwf	___lwmod@counter,f
  1462     06DD  1D03               	btfss	3,2
  1463     06DE  2EE0               	goto	u321
  1464     06DF  2EE1               	goto	u320
  1465     06E0                     u321:
  1466     06E0  2EC8               	goto	l879
  1467     06E1                     u320:
  1468     06E1                     l887:
  1469     06E1  0873               	movf	___lwmod@dividend+1,w
  1470     06E2  00F1               	movwf	?___lwmod+1
  1471     06E3  0872               	movf	___lwmod@dividend,w
  1472     06E4  00F0               	movwf	?___lwmod
  1473     06E5                     l517:
  1474     06E5  0008               	return
  1475     06E6                     __end_of___lwmod:
  1476     007E                     btemp	set	126	;btemp
  1477     007E                     wtemp0	set	126
  1478                           
  1479                           	psect	config
  1480                           
  1481                           ;Config register CONFIG1 @ 0x8007
  1482                           ;	Oscillator Selection
  1483                           ;	FOSC = INTOSC, INTOSC oscillator: I/O function on CLKIN pin
  1484                           ;	Watchdog Timer Enable
  1485                           ;	WDTE = ON, WDT enabled
  1486                           ;	Power-up Timer Enable
  1487                           ;	PWRTE = OFF, PWRT disabled
  1488                           ;	MCLR Pin Function Select
  1489                           ;	MCLRE = OFF, MCLR/VPP pin function is digital input
  1490                           ;	Flash Program Memory Code Protection
  1491                           ;	CP = OFF, Program memory code protection is disabled
  1492                           ;	Data Memory Code Protection
  1493                           ;	CPD = OFF, Data memory code protection is disabled
  1494                           ;	Brown-out Reset Enable
  1495                           ;	BOREN = ON, Brown-out Reset enabled
  1496                           ;	Clock Out Enable
  1497                           ;	CLKOUTEN = OFF, CLKOUT function is disabled. I/O or oscillator function on the CLKOUT 
      +                          pin
  1498                           ;	Internal/External Switchover
  1499                           ;	IESO = ON, Internal/External Switchover mode is enabled
  1500                           ;	Fail-Safe Clock Monitor Enable
  1501                           ;	FCMEN = ON, Fail-Safe Clock Monitor is enabled
  1502     8007                     	org	32775
  1503     8007  3FBC               	dw	16316
  1504                           
  1505                           ;Config register CONFIG2 @ 0x8008
  1506                           ;	Flash Memory Self-Write Protection
  1507                           ;	WRT = OFF, Write protection off
  1508                           ;	PLL Enable
  1509                           ;	PLLEN = ON, 4x PLL enabled
  1510                           ;	Stack Overflow/Underflow Reset Enable
  1511                           ;	STVREN = ON, Stack Overflow or Underflow will cause a Reset
  1512                           ;	Brown-out Reset Voltage Selection
  1513                           ;	BORV = LO, Brown-out Reset Voltage (Vbor), low trip point selected.
  1514                           ;	In-Circuit Debugger Mode
  1515                           ;	DEBUG = OFF, In-Circuit Debugger disabled, ICSPCLK and ICSPDAT are general purpose I/O
      +                           pins
  1516                           ;	Low-Voltage Programming Enable
  1517                           ;	LVP = ON, Low-voltage programming enabled
  1518     8008                     	org	32776
  1519     8008  3FFF               	dw	16383

Data Sizes:
    Strings     0
    Constant    0
    Data        5
    BSS         5
    Persistent  32
    Stack       0

Auto Spaces:
    Space          Size  Autos    Used
    COMMON           14     14      14
    BANK0            80     10      20
    BANK1            80      0       0
    BANK2            80      0       0

Pointer List with Targets:

    pin_init@pin	PTR struct . size(1) Largest target is 5
		 -> SysLED(BANK0[5]), 

    pin_toggle@pin	PTR struct . size(1) Largest target is 5
		 -> SysLED(BANK0[5]), 

    set_value@addr	PTR unsigned char  size(2) Largest target is 4096
		 -> RAM(DATA[4096]), 


Critical Paths under _main in COMMON

    _main->_SysLED_Init
    _SysLED_Toggle->_pin_toggle
    _pin_toggle->_set_value
    _SysLED_Init->_pin_init
    _pin_init->_set_value
    _set_value->___lwmod

Critical Paths under _main in BANK0

    _main->_SysLED_Init
    _pin_toggle->_set_value
    _pin_init->_set_value

Critical Paths under _main in BANK1

    None.

Critical Paths under _main in BANK2

    None.

Call Graph Tables:

 ---------------------------------------------------------------------------------
 (Depth) Function   	        Calls       Base Space   Used Autos Params    Refs
 ---------------------------------------------------------------------------------
 (0) _main                                                 2     2      0    5705
                                              8 BANK0      2     2      0
                        _SysLED_Init
                      _SysLED_Toggle
 ---------------------------------------------------------------------------------
 (1) _SysLED_Toggle                                        0     0      0    2720
                         _pin_toggle
 ---------------------------------------------------------------------------------
 (2) _pin_toggle                                           1     1      0    2720
                                             12 COMMON     1     1      0
                          _set_value
 ---------------------------------------------------------------------------------
 (1) _SysLED_Init                                          6     6      0    2985
                                             13 COMMON     1     1      0
                                              3 BANK0      5     5      0
                           _pin_init
 ---------------------------------------------------------------------------------
 (2) _pin_init                                             1     1      0    2962
                                             12 COMMON     1     1      0
                          _set_value
 ---------------------------------------------------------------------------------
 (3) _set_value                                            9     7      2    2599
                                              6 COMMON     6     4      2
                                              0 BANK0      3     3      0
                            ___lwmod
                       _get_pin_addr
 ---------------------------------------------------------------------------------
 (4) _get_pin_addr                                         3     1      2     110
                                              0 COMMON     3     1      2
 ---------------------------------------------------------------------------------
 (4) ___lwmod                                              6     2      4     463
                                              0 COMMON     6     2      4
 ---------------------------------------------------------------------------------
 Estimated maximum stack depth 4
 ---------------------------------------------------------------------------------

 Call Graph Graphs:

 _main (ROOT)
   _SysLED_Init
     _pin_init
       _set_value
         ___lwmod
         _get_pin_addr
   _SysLED_Toggle
     _pin_toggle
       _set_value

 Address spaces:
Name               Size   Autos  Total    Cost      Usage
BIGRAM              F0      0       0       0        0.0%
EEDATA             100      0       0       0        0.0%
NULL                 0      0       0       0        0.0%
CODE                 0      0       0       0        0.0%
BITCOMMON            E      0       0       1        0.0%
BITSFR0              0      0       0       1        0.0%
SFR0                 0      0       0       1        0.0%
COMMON               E      E       E       2      100.0%
BITSFR1              0      0       0       2        0.0%
SFR1                 0      0       0       2        0.0%
BITSFR2              0      0       0       3        0.0%
SFR2                 0      0       0       3        0.0%
STACK                0      0       0       3        0.0%
BITSFR3              0      0       0       4        0.0%
SFR3                 0      0       0       4        0.0%
ABS                  0      0      22       4        0.0%
BITBANK0            50      0       0       5        0.0%
BITSFR4              0      0       0       5        0.0%
SFR4                 0      0       0       5        0.0%
BANK0               50      A      14       6       25.0%
BITSFR5              0      0       0       6        0.0%
SFR5                 0      0       0       6        0.0%
BITBANK1            50      0       0       7        0.0%
BITSFR6              0      0       0       7        0.0%
SFR6                 0      0       0       7        0.0%
BANK1               50      0       0       8        0.0%
BITSFR7              0      0       0       8        0.0%
SFR7                 0      0       0       8        0.0%
BITBANK2            50      0       0       9        0.0%
BITSFR8              0      0       0       9        0.0%
SFR8                 0      0       0       9        0.0%
BANK2               50      0       0      10        0.0%
BITSFR9              0      0       0      10        0.0%
SFR9                 0      0       0      10        0.0%
BITSFR10             0      0       0      11        0.0%
SFR10                0      0       0      11        0.0%
DATA                 0      0      22      11        0.0%
BITSFR11             0      0       0      12        0.0%
SFR11                0      0       0      12        0.0%
BITSFR12             0      0       0      13        0.0%
SFR12                0      0       0      13        0.0%
BITSFR13             0      0       0      14        0.0%
SFR13                0      0       0      14        0.0%
BITSFR14             0      0       0      15        0.0%
SFR14                0      0       0      15        0.0%
BITSFR15             0      0       0      16        0.0%
SFR15                0      0       0      16        0.0%
BITSFR16             0      0       0      17        0.0%
SFR16                0      0       0      17        0.0%
BITSFR17             0      0       0      18        0.0%
SFR17                0      0       0      18        0.0%
BITSFR18             0      0       0      19        0.0%
SFR18                0      0       0      19        0.0%
BITSFR19             0      0       0      20        0.0%
SFR19                0      0       0      20        0.0%
BITSFR20             0      0       0      21        0.0%
SFR20                0      0       0      21        0.0%
BITSFR21             0      0       0      22        0.0%
SFR21                0      0       0      22        0.0%
BITSFR22             0      0       0      23        0.0%
SFR22                0      0       0      23        0.0%
BITSFR23             0      0       0      24        0.0%
SFR23                0      0       0      24        0.0%
BITSFR24             0      0       0      25        0.0%
SFR24                0      0       0      25        0.0%
BITSFR25             0      0       0      26        0.0%
SFR25                0      0       0      26        0.0%
BITSFR26             0      0       0      27        0.0%
SFR26                0      0       0      27        0.0%
BITSFR27             0      0       0      28        0.0%
SFR27                0      0       0      28        0.0%
BITSFR28             0      0       0      29        0.0%
SFR28                0      0       0      29        0.0%
BITSFR29             0      0       0      30        0.0%
SFR29                0      0       0      30        0.0%
BITSFR30             0      0       0      31        0.0%
SFR30                0      0       0      31        0.0%
BITSFR31             0      0       0      32        0.0%
SFR31                0      0       0      32        0.0%


Microchip Technology PIC Macro Assembler V2.45 build 20230818022343 
Symbol Table                                                                                   Tue Dec 26 21:13:59 2023

          ?_get_pin_addr 0070                       l13 068E                       l21 063B  
                     l16 0632                       l28 06B1                       l49 0765  
                     l74 066D                       l59 07E9                      l517 06E5  
                    l901 0701                      l903 0717                      l841 06A2  
                    l833 069B                      l825 0690                      l905 071C  
                    l921 07B4                      l913 0767                      l827 0696  
                    l907 0741                      l923 07DF                      l915 076F  
                    l931 066E                      l917 0777                      l933 068A  
                    l871 06B8                      l919 0780                      l927 064F  
                    l935 062E                      l881 06D2                      l873 06BB  
                    l857 06B0                      l849 06A9                      l929 065F  
                    l937 0638                      l883 06D6                      l875 06C0  
                    l891 06E8                      l939 063E                      l885 06DB  
                    l877 06C4                      l869 06B2                      l957 0709  
                    l893 06F2                      l879 06C8                      l887 06E1  
                    l895 06F7                      l897 06FC                      u300 06D2  
                    u301 06D1                      u230 0696                      u231 0695  
                    u320 06E1                      u240 06A1                      u400 065E  
                    u321 06E0                      u305 06CE                      u241 06A0  
                    u250 06A8                      u330 071C                      u410 0678  
                    u315 06D7                      u251 06A7                      u331 071B  
                    u260 06AF                      u420 0686                      u261 06AE  
                    u270 06B8                      u271 06B7                      u344 0734  
                    u360 076F                      u345 0733                      u361 076E  
                    u290 06C8                      u354 0759                      u370 0777  
                    u291 06C7                      u355 0758                      u371 0776  
                    u380 0780                      u285 06BC                      u381 077F  
                    u390 065D                      u391 065B                      u457 0644  
                    wreg 0009                     _main 0638                     fsr0h 0005  
                   fsr1h 0007                     indf0 0000                     fsr0l 0004  
                   indf1 0001                     fsr1l 0006                     btemp 007E  
                   start 0002           ??_get_pin_addr 0072                    ?_main 0070  
        __end_of___lwmod 06E6                    status 0003                    wtemp0 007E  
        __initialization 07EA             __end_of_main 064E                   ??_main 0028  
                 _SysLED 002A                ??___lwmod 0074         get_pin_addr@gpio 0072  
       __end_of_pin_init 07EA     __end_of_get_pin_addr 06B2            ??_SysLED_Init 007D  
__end_of__initialization 07FD           __pcstackCOMMON 0070             __pidataBANK0 0633  
             __pbssBANK0 002A      __end_of_SysLED_Init 068F               __pmaintext 0638  
  __end_of_SysLED_Toggle 0633              pin_init@pin 007C                ?_pin_init 0070  
                ___lwmod 06B2                  __ptext1 062E                  __ptext2 064E  
                __ptext3 066E                  __ptext4 0766                  __ptext5 06E6  
                __ptext6 068F                  __ptext7 06B2     end_of_initialization 07FD  
            _SysLED_Init 066E               _pin_toggle 064E        __end_of_set_value 0766  
             ??_pin_init 007C             _get_pin_addr 068F          SysLED_Init@1985 0023  
          pin_toggle@pin 007C      start_initialization 07EA              ?_pin_toggle 0070  
            __pdataBANK0 002F                ___latbits 0001            __pcstackBANK0 0020  
               ?___lwmod 0070             ?_SysLED_Init 0070                _set_value 06E6  
             ?_set_value 0076            set_value@addr 0021            set_value@gpio 0020  
          set_value@sect 0076            _SysLED_Toggle 062E             ??_pin_toggle 007C  
               _pin_init 0766           ?_SysLED_Toggle 0070       __end_of_pin_toggle 066E  
           set_value@val 0077         ___lwmod@dividend 0072              ??_set_value 0078  
        ___lwmod@divisor 0070          ___lwmod@counter 0075         SysLED_Init@F1984 002F  
        ??_SysLED_Toggle 007D  
